Using pre-set license
Built from '2020.3/staging' branch; Version is '2020.3.22f1 (e1a7f79fd887) revision 14788599'; Using compiler version '192528614'; Build Type 'Release'
OS: 'Windows 10 Pro; OS build 19042.1110; Version 2009; 64bit' Language: 'en' Physical Memory: 32581 MB
BatchMode: 1, IsHumanControllingUs: 0, StartBugReporterOnCrash: 0, Is64bit: 1, IsPro: 0

COMMAND LINE ARGUMENTS:
C:\Program Files\Unity\Hub\Editor\2020.3.22f1\Editor\Unity.exe
-adb2
-batchMode
-noUpm
-name
AssetImportWorker0
-projectPath
C:/Users/User/Desktop/Capstone/Singapore-Unlocked/UnityFiles/HoviCare_SG_Unlocked
-logFile
Logs/AssetImportWorker0.log
-srvPort
17988
Successfully changed project path to: C:/Users/User/Desktop/Capstone/Singapore-Unlocked/UnityFiles/HoviCare_SG_Unlocked
C:/Users/User/Desktop/Capstone/Singapore-Unlocked/UnityFiles/HoviCare_SG_Unlocked
Using Asset Import Pipeline V2.
Refreshing native plugins compatible for Editor in 36.49 ms, found 2 plugins.
Preloading 0 native plugins for Editor in 0.00 ms.
Initialize engine version: 2020.3.22f1 (e1a7f79fd887)
[Subsystems] Discovering subsystems at path C:/Program Files/Unity/Hub/Editor/2020.3.22f1/Editor/Data/Resources/UnitySubsystems
[Subsystems] Discovering subsystems at path C:/Users/User/Desktop/Capstone/Singapore-Unlocked/UnityFiles/HoviCare_SG_Unlocked/Assets
GfxDevice: creating device client; threaded=0
Direct3D:
    Version:  Direct3D 11.0 [level 11.1]
    Renderer: NVIDIA GeForce RTX 2060 (ID=0x1f11)
    Vendor:   
    VRAM:     5980 MB
    Driver:   27.21.14.6674
Initialize mono
Mono path[0] = 'C:/Program Files/Unity/Hub/Editor/2020.3.22f1/Editor/Data/Managed'
Mono path[1] = 'C:/Program Files/Unity/Hub/Editor/2020.3.22f1/Editor/Data/MonoBleedingEdge/lib/mono/unityjit'
Mono config path = 'C:/Program Files/Unity/Hub/Editor/2020.3.22f1/Editor/Data/MonoBleedingEdge/etc'
Using monoOptions --debugger-agent=transport=dt_socket,embedding=1,server=y,suspend=n,address=127.0.0.1:56792
Begin MonoManager ReloadAssembly
Registering precompiled unity dll's ...
Register platform support module: C:/Program Files/Unity/Hub/Editor/2020.3.22f1/Editor/Data/PlaybackEngines/WindowsStandaloneSupport/UnityEditor.WindowsStandalone.Extensions.dll
Registered in 0.002652 seconds.
Native extension for WindowsStandalone target not found
Refreshing native plugins compatible for Editor in 29.99 ms, found 2 plugins.
Preloading 0 native plugins for Editor in 0.00 ms.
Mono: successfully reloaded assembly
- Completed reload, in  1.155 seconds
Domain Reload Profiling:
	ReloadAssembly (1155ms)
		BeginReloadAssembly (58ms)
			ExecutionOrderSort (0ms)
			DisableScriptedObjects (0ms)
			BackupInstance (0ms)
			ReleaseScriptingObjects (0ms)
			CreateAndSetChildDomain (1ms)
		EndReloadAssembly (438ms)
			LoadAssemblies (56ms)
			RebuildTransferFunctionScriptingTraits (0ms)
			SetupTypeCache (149ms)
			ReleaseScriptCaches (0ms)
			RebuildScriptCaches (29ms)
			SetupLoadedEditorAssemblies (155ms)
				LogAssemblyErrors (0ms)
				InitializePlatformSupportModulesInManaged (4ms)
				SetLoadedEditorAssemblies (0ms)
				RefreshPlugins (30ms)
				BeforeProcessingInitializeOnLoad (18ms)
				ProcessInitializeOnLoadAttributes (75ms)
				ProcessInitializeOnLoadMethodAttributes (28ms)
				AfterProcessingInitializeOnLoad (0ms)
				EditorAssembliesLoaded (0ms)
			ExecutionOrderSort2 (0ms)
			AwakeInstancesAfterBackupRestoration (0ms)
Platform modules already initialized, skipping
Registering precompiled user dll's ...
Registered in 0.006230 seconds.
Begin MonoManager ReloadAssembly
Native extension for WindowsStandalone target not found
Refreshing native plugins compatible for Editor in 0.36 ms, found 2 plugins.
Preloading 0 native plugins for Editor in 0.00 ms.
Mono: successfully reloaded assembly
- Completed reload, in  1.048 seconds
Domain Reload Profiling:
	ReloadAssembly (1049ms)
		BeginReloadAssembly (153ms)
			ExecutionOrderSort (0ms)
			DisableScriptedObjects (5ms)
			BackupInstance (0ms)
			ReleaseScriptingObjects (0ms)
			CreateAndSetChildDomain (18ms)
		EndReloadAssembly (827ms)
			LoadAssemblies (98ms)
			RebuildTransferFunctionScriptingTraits (0ms)
			SetupTypeCache (287ms)
			ReleaseScriptCaches (0ms)
			RebuildScriptCaches (42ms)
			SetupLoadedEditorAssemblies (318ms)
				LogAssemblyErrors (0ms)
				InitializePlatformSupportModulesInManaged (5ms)
				SetLoadedEditorAssemblies (0ms)
				RefreshPlugins (0ms)
				BeforeProcessingInitializeOnLoad (81ms)
				ProcessInitializeOnLoadAttributes (212ms)
				ProcessInitializeOnLoadMethodAttributes (9ms)
				AfterProcessingInitializeOnLoad (9ms)
				EditorAssembliesLoaded (0ms)
			ExecutionOrderSort2 (0ms)
			AwakeInstancesAfterBackupRestoration (7ms)
Platform modules already initialized, skipping
========================================================================
Worker process is ready to serve import requests
Launched and connected shader compiler UnityShaderCompiler.exe after 0.20 seconds
Refreshing native plugins compatible for Editor in 0.32 ms, found 2 plugins.
Preloading 0 native plugins for Editor in 0.00 ms.
Unloading 1541 Unused Serialized files (Serialized files now loaded: 0)
System memory in use before: 70.4 MB.
System memory in use after: 70.4 MB.

Unloading 19 unused Assets to reduce memory usage. Loaded Objects now: 1975.
Total: 2.949700 ms (FindLiveObjects: 0.178200 ms CreateObjectMapping: 0.063000 ms MarkObjects: 2.640100 ms  DeleteObjects: 0.066300 ms)

AssetImportParameters requested are different than current active one (requested -> active):
  custom:framework-win-MediaFoundation: 216162199b28c13a410421893ffa2e32 -> 
  custom:video-decoder-ogg-theora: a1e56fd34408186e4bbccfd4996cb3dc -> 
  custom:container-muxer-webm: aa71ff27fc2769a1b78a27578f13a17b -> 
  custom:container-demuxer-webm: 4f35f7cbe854078d1ac9338744f61a02 -> 
  custom:container-demuxer-ogg: 62fdf1f143b41e24485cea50d1cbac27 -> 
  custom:video-encoder-webm-vp8: eb34c28f22e8b96e1ab97ce403110664 -> 
  custom:video-decoder-webm-vp8: 9c59270c3fd7afecdb556c50c9e8de78 -> 
  custom:audio-decoder-ogg-vorbis: bf7c407c2cedff20999df2af8eb42d56 -> 
  custom:audio-encoder-webm-vorbis: bf7c407c2cedff20999df2af8eb42d56 -> 
========================================================================
Received Import Request.
  path: Assets/Uduino
  artifactKey: Guid(f28db6283651ff24892c1ae39e172319) Importer(815301076,1909f56bfc062723c751e8b465ee728b)
Start importing Assets/Uduino using Guid(f28db6283651ff24892c1ae39e172319) Importer(815301076,1909f56bfc062723c751e8b465ee728b)  -> (artifact id: '192849d27c58c8c748008afde2476420') in 0.007059 seconds 
  Import took 0.010044 seconds .

========================================================================
Received Import Request.
  Time since last request: 6.688049 seconds.
  path: Assets/Uduino/Uduino.prefab
  artifactKey: Guid(bb5e6aea88a650f4a8317e74940b0ea4) Importer(815301076,1909f56bfc062723c751e8b465ee728b)
Start importing Assets/Uduino/Uduino.prefab using Guid(bb5e6aea88a650f4a8317e74940b0ea4) Importer(815301076,1909f56bfc062723c751e8b465ee728b)  -> (artifact id: 'b72c73c1786872f76ded030918edb4fd') in 0.069611 seconds 
  Import took 0.072763 seconds .

========================================================================
Received Import Request.
  Time since last request: 2.602368 seconds.
  path: Assets/Uduino/Scripts
  artifactKey: Guid(e45c6408384068f40b0097f8318e9fb9) Importer(815301076,1909f56bfc062723c751e8b465ee728b)
Start importing Assets/Uduino/Scripts using Guid(e45c6408384068f40b0097f8318e9fb9) Importer(815301076,1909f56bfc062723c751e8b465ee728b)  -> (artifact id: '87259efe7004b61f66ae2555b2fa19aa') in 0.005998 seconds 
  Import took 0.010078 seconds .

========================================================================
Received Import Request.
  Time since last request: 1.183361 seconds.
  path: Assets/Uduino/Scripts/Boards
  artifactKey: Guid(ad46d47e5b0511340ad05434293b938c) Importer(815301076,1909f56bfc062723c751e8b465ee728b)
Start importing Assets/Uduino/Scripts/Boards using Guid(ad46d47e5b0511340ad05434293b938c) Importer(815301076,1909f56bfc062723c751e8b465ee728b)  -> (artifact id: '735702bd715fffc4f1d9f37d92765961') in 0.006904 seconds 
  Import took 0.009922 seconds .

========================================================================
Received Import Request.
  Time since last request: 21.895752 seconds.
  path: Assets/Ardity/Prefabs/SerialController.prefab
  artifactKey: Guid(a65acf0cbf56b80419f74ebf0bc845f4) Importer(815301076,1909f56bfc062723c751e8b465ee728b)
Start importing Assets/Ardity/Prefabs/SerialController.prefab using Guid(a65acf0cbf56b80419f74ebf0bc845f4) Importer(815301076,1909f56bfc062723c751e8b465ee728b)  -> (artifact id: '133d0b47bc79e206e8c8456dc7179000') in 0.010774 seconds 
  Import took 0.013975 seconds .

AssetImportWorkerClient::OnTransportError - code=2 error=End of file
